  [1m[36m (1.7ms)[0m  [1mCREATE TABLE "schema_migrations" ("version" varchar NOT NULL) [0m
  [1m[35m (0.1ms)[0m  select sqlite_version(*)
  [1m[36m (1.6ms)[0m  [1mCREATE UNIQUE INDEX "unique_schema_migrations" ON "schema_migrations" ("version")[0m
  [1m[35mActiveRecord::SchemaMigration Load (0.1ms)[0m  SELECT "schema_migrations".* FROM "schema_migrations"


Started GET "/" for ::1 at 2015-11-17 17:47:54 -0600
Processing by Rails::WelcomeController#index as HTML
  Rendered /Users/admin/.rvm/gems/ruby-2.1.2/gems/railties-4.2.3/lib/rails/templates/rails/welcome/index.html.erb (2.8ms)
Completed 200 OK in 27ms (Views: 19.4ms | ActiveRecord: 0.0ms)
  [1m[36mActiveRecord::SchemaMigration Load (0.1ms)[0m  [1mSELECT "schema_migrations".* FROM "schema_migrations"[0m
Migrating to CreateStudents (1)
  [1m[35m (0.1ms)[0m  begin transaction
  [1m[36m (0.4ms)[0m  [1mCREATE TABLE "students" ("id" INTEGER PRIMARY KEY AUTOINCREMENT NOT NULL, "first_name" varchar, "last_name" varchar, "created_at" datetime NOT NULL, "updated_at" datetime NOT NULL) [0m
  [1m[35mSQL (0.3ms)[0m  INSERT INTO "schema_migrations" ("version") VALUES (?)  [["version", "1"]]
  [1m[36m (1.4ms)[0m  [1mcommit transaction[0m
  [1m[35mActiveRecord::SchemaMigration Load (0.1ms)[0m  SELECT "schema_migrations".* FROM "schema_migrations"
  [1m[36m (0.1ms)[0m  [1mbegin transaction[0m
  [1m[35mSQL (0.3ms)[0m  INSERT INTO "students" ("first_name", "last_name", "created_at", "updated_at") VALUES (?, ?, ?, ?)  [["first_name", "Jordan"], ["last_name", "Hudgens"], ["created_at", "2015-11-18 00:10:55.545365"], ["updated_at", "2015-11-18 00:10:55.545365"]]
  [1m[36m (2.9ms)[0m  [1mcommit transaction[0m
  [1m[35mStudent Load (0.2ms)[0m  SELECT  "students".* FROM "students"  ORDER BY "students"."id" DESC LIMIT 1
  [1m[36m (0.1ms)[0m  [1mbegin transaction[0m
  [1m[35mSQL (0.3ms)[0m  INSERT INTO "students" ("created_at", "updated_at") VALUES (?, ?)  [["created_at", "2015-11-18 00:17:49.095449"], ["updated_at", "2015-11-18 00:17:49.095449"]]
  [1m[36m (1.2ms)[0m  [1mcommit transaction[0m
  [1m[35mStudent Load (0.2ms)[0m  SELECT  "students".* FROM "students"  ORDER BY "students"."id" DESC LIMIT 1
  [1m[36mActiveRecord::SchemaMigration Load (0.1ms)[0m  [1mSELECT "schema_migrations".* FROM "schema_migrations"[0m
  [1m[35mActiveRecord::SchemaMigration Load (0.1ms)[0m  SELECT "schema_migrations".* FROM "schema_migrations"


Started GET "/" for ::1 at 2015-11-18 13:36:42 -0600
  [1m[36mActiveRecord::SchemaMigration Load (0.1ms)[0m  [1mSELECT "schema_migrations".* FROM "schema_migrations"[0m
Processing by Rails::WelcomeController#index as HTML
  Rendered /Users/admin/.rvm/gems/ruby-2.1.2/gems/railties-4.2.3/lib/rails/templates/rails/welcome/index.html.erb (2.4ms)
Completed 200 OK in 39ms (Views: 24.5ms | ActiveRecord: 0.0ms)


Started GET "/" for ::1 at 2015-11-18 13:37:10 -0600
Processing by Rails::WelcomeController#index as HTML
  Rendered /Users/admin/.rvm/gems/ruby-2.1.2/gems/railties-4.2.3/lib/rails/templates/rails/welcome/index.html.erb (0.0ms)
Completed 200 OK in 1ms (Views: 0.7ms | ActiveRecord: 0.0ms)
  [1m[36mActiveRecord::SchemaMigration Load (0.2ms)[0m  [1mSELECT "schema_migrations".* FROM "schema_migrations"[0m
Migrating to CreateSchoolClasses (2)
  [1m[36mActiveRecord::SchemaMigration Load (0.1ms)[0m  [1mSELECT "schema_migrations".* FROM "schema_migrations"[0m
Migrating to CreateSchoolClasses (2)
  [1m[35m (0.1ms)[0m  begin transaction
  [1m[36m (0.9ms)[0m  [1mCREATE TABLE "create_school_classes" ("id" INTEGER PRIMARY KEY AUTOINCREMENT NOT NULL, "title" varchar, "room_number" integer) [0m
  [1m[35mSQL (0.4ms)[0m  INSERT INTO "schema_migrations" ("version") VALUES (?)  [["version", "2"]]
  [1m[36m (1.0ms)[0m  [1mcommit transaction[0m
  [1m[35mActiveRecord::SchemaMigration Load (0.1ms)[0m  SELECT "schema_migrations".* FROM "schema_migrations"
  [1m[36mActiveRecord::SchemaMigration Load (0.1ms)[0m  [1mSELECT "schema_migrations".* FROM "schema_migrations"[0m
  [1m[35mActiveRecord::SchemaMigration Load (0.1ms)[0m  SELECT "schema_migrations".* FROM "schema_migrations"
Migrating to CreateSchoolClasses (2)
  [1m[36m (0.0ms)[0m  [1mbegin transaction[0m
  [1m[35m (0.4ms)[0m  DROP TABLE "create_school_classes"
  [1m[36mSQL (0.2ms)[0m  [1mDELETE FROM "schema_migrations" WHERE "schema_migrations"."version" = ?[0m  [["version", "2"]]
  [1m[35m (0.9ms)[0m  commit transaction
  [1m[36mActiveRecord::SchemaMigration Load (0.1ms)[0m  [1mSELECT "schema_migrations".* FROM "schema_migrations"[0m
  [1m[36mActiveRecord::SchemaMigration Load (0.2ms)[0m  [1mSELECT "schema_migrations".* FROM "schema_migrations"[0m
Migrating to CreateSchoolClasses (2)
  [1m[35m (0.1ms)[0m  begin transaction
  [1m[36m (2.1ms)[0m  [1mCREATE TABLE "school_classes" ("id" INTEGER PRIMARY KEY AUTOINCREMENT NOT NULL, "title" varchar, "room_number" integer) [0m
  [1m[35mSQL (0.3ms)[0m  INSERT INTO "schema_migrations" ("version") VALUES (?)  [["version", "2"]]
  [1m[36m (2.0ms)[0m  [1mcommit transaction[0m
  [1m[35mActiveRecord::SchemaMigration Load (0.1ms)[0m  SELECT "schema_migrations".* FROM "schema_migrations"
  [1m[36m (2.8ms)[0m  [1mCREATE TABLE "schema_migrations" ("version" varchar NOT NULL) [0m
  [1m[35m (0.1ms)[0m  select sqlite_version(*)
  [1m[36m (1.0ms)[0m  [1mCREATE UNIQUE INDEX "unique_schema_migrations" ON "schema_migrations" ("version")[0m
  [1m[35mActiveRecord::SchemaMigration Load (0.1ms)[0m  SELECT "schema_migrations".* FROM "schema_migrations"
Migrating to CreateStudents (1)
  [1m[36m (0.1ms)[0m  [1mbegin transaction[0m
  [1m[35m (0.9ms)[0m  CREATE TABLE "students" ("id" INTEGER PRIMARY KEY AUTOINCREMENT NOT NULL, "first_name" varchar, "last_name" varchar, "created_at" datetime NOT NULL, "updated_at" datetime NOT NULL) 
  [1m[36mSQL (0.2ms)[0m  [1mINSERT INTO "schema_migrations" ("version") VALUES (?)[0m  [["version", "1"]]
  [1m[35m (0.8ms)[0m  commit transaction
Migrating to CreateSchoolClasses (2)
  [1m[36m (0.1ms)[0m  [1mbegin transaction[0m
  [1m[35m (0.4ms)[0m  CREATE TABLE "school_classes" ("id" INTEGER PRIMARY KEY AUTOINCREMENT NOT NULL, "title" varchar, "room_number" integer) 
  [1m[36mSQL (0.1ms)[0m  [1mINSERT INTO "schema_migrations" ("version") VALUES (?)[0m  [["version", "2"]]
  [1m[35m (0.7ms)[0m  commit transaction
  [1m[36mActiveRecord::SchemaMigration Load (0.2ms)[0m  [1mSELECT "schema_migrations".* FROM "schema_migrations"[0m


Started GET "/school_classes/new" for ::1 at 2017-10-16 14:28:32 -0400
  [1m[36mActiveRecord::SchemaMigration Load (0.2ms)[0m  [1mSELECT "schema_migrations".* FROM "schema_migrations"[0m
Processing by SchoolClassesController#new as HTML
  Rendered school_classes/new.html.erb within layouts/application (0.8ms)
Completed 200 OK in 1102ms (Views: 1093.7ms | ActiveRecord: 0.0ms)


Started GET "/school_classes/new" for ::1 at 2017-10-16 14:30:16 -0400
Processing by SchoolClassesController#new as HTML
  Rendered school_classes/new.html.erb within layouts/application (0.7ms)
Completed 200 OK in 45ms (Views: 43.9ms | ActiveRecord: 0.0ms)


Started GET "/school_classes/new" for ::1 at 2017-10-16 14:38:13 -0400
Processing by SchoolClassesController#new as HTML
  Rendered school_classes/new.html.erb within layouts/application (11.1ms)
Completed 500 Internal Server Error in 18ms (ActiveRecord: 0.0ms)

ActionView::Template::Error (First argument in form cannot contain nil or be empty):
    1: 
    2: <%= form_for(@school_class) do |f| %>
    3:  <%= f.label :title %>
    4:  <%= f.label :room_number %>
    5:  <%= f.submit %>
  app/views/school_classes/new.html.erb:2:in `_app_views_school_classes_new_html_erb__4335503830613441112_70223820054300'


  Rendered /Users/ariel/.rvm/gems/ruby-2.3.5/gems/actionpack-4.2.3/lib/action_dispatch/middleware/templates/rescues/_source.erb (7.3ms)
  Rendered /Users/ariel/.rvm/gems/ruby-2.3.5/gems/actionpack-4.2.3/lib/action_dispatch/middleware/templates/rescues/_trace.html.erb (5.4ms)
  Rendered /Users/ariel/.rvm/gems/ruby-2.3.5/gems/actionpack-4.2.3/lib/action_dispatch/middleware/templates/rescues/_request_and_response.html.erb (2.6ms)
  Rendered /Users/ariel/.rvm/gems/ruby-2.3.5/gems/actionpack-4.2.3/lib/action_dispatch/middleware/templates/rescues/template_error.html.erb within rescues/layout (63.2ms)
  Rendered /Users/ariel/.rvm/gems/ruby-2.3.5/gems/web-console-2.2.1/lib/web_console/templates/_markup.html.erb (0.9ms)
  Rendered /Users/ariel/.rvm/gems/ruby-2.3.5/gems/web-console-2.2.1/lib/web_console/templates/_inner_console_markup.html.erb within layouts/inlined_string (0.4ms)
  Rendered /Users/ariel/.rvm/gems/ruby-2.3.5/gems/web-console-2.2.1/lib/web_console/templates/_prompt_box_markup.html.erb within layouts/inlined_string (0.3ms)
  Rendered /Users/ariel/.rvm/gems/ruby-2.3.5/gems/web-console-2.2.1/lib/web_console/templates/style.css.erb within layouts/inlined_string (0.9ms)
  Rendered /Users/ariel/.rvm/gems/ruby-2.3.5/gems/web-console-2.2.1/lib/web_console/templates/console.js.erb within layouts/javascript (51.5ms)
  Rendered /Users/ariel/.rvm/gems/ruby-2.3.5/gems/web-console-2.2.1/lib/web_console/templates/main.js.erb within layouts/javascript (0.4ms)
  Rendered /Users/ariel/.rvm/gems/ruby-2.3.5/gems/web-console-2.2.1/lib/web_console/templates/error_page.js.erb within layouts/javascript (1.1ms)
  Rendered /Users/ariel/.rvm/gems/ruby-2.3.5/gems/web-console-2.2.1/lib/web_console/templates/index.html.erb (163.7ms)
  [1m[36mSchoolClass Load (1.0ms)[0m  [1mSELECT "school_classes".* FROM "school_classes"[0m
  [1m[36mActiveRecord::SchemaMigration Load (0.1ms)[0m  [1mSELECT "schema_migrations".* FROM "schema_migrations"[0m


Started GET "/school_classes/new" for ::1 at 2017-10-16 14:44:34 -0400
Processing by SchoolClassesController#new as HTML
  Rendered school_classes/new.html.erb within layouts/application (40.2ms)
Completed 200 OK in 121ms (Views: 105.9ms | ActiveRecord: 1.0ms)


Started GET "/school_classes/new" for ::1 at 2017-10-16 14:50:00 -0400
Processing by SchoolClassesController#new as HTML
  Rendered school_classes/new.html.erb within layouts/application (6.5ms)
Completed 200 OK in 41ms (Views: 40.9ms | ActiveRecord: 0.0ms)


Started GET "/school_classes/new" for ::1 at 2017-10-16 14:50:50 -0400
Processing by SchoolClassesController#new as HTML
  Rendered school_classes/new.html.erb within layouts/application (5.0ms)
Completed 200 OK in 50ms (Views: 49.6ms | ActiveRecord: 0.0ms)


Started GET "/students/new" for ::1 at 2017-10-16 15:36:12 -0400
Processing by StudentsController#new as HTML
  Rendered students/new.html.erb within layouts/application (0.7ms)
Completed 200 OK in 44ms (Views: 42.5ms | ActiveRecord: 0.0ms)


Started GET "/students/new" for ::1 at 2017-10-16 15:41:12 -0400
Processing by StudentsController#new as HTML
  Rendered students/new.html.erb within layouts/application (1.8ms)
Completed 500 Internal Server Error in 5ms (ActiveRecord: 0.0ms)

ActionView::Template::Error (First argument in form cannot contain nil or be empty):
    1: 
    2: <%= form_for(@student) do |f| %>
    3:  <%= f.label :first_name %>
    4:  <%= f.text_field :first_name %>
    5:  <%= f.label :last_name %>
  app/views/students/new.html.erb:2:in `_app_views_students_new_html_erb___3378256601216732112_70223777734240'


  Rendered /Users/ariel/.rvm/gems/ruby-2.3.5/gems/actionpack-4.2.3/lib/action_dispatch/middleware/templates/rescues/_source.erb (16.7ms)
  Rendered /Users/ariel/.rvm/gems/ruby-2.3.5/gems/actionpack-4.2.3/lib/action_dispatch/middleware/templates/rescues/_trace.html.erb (2.8ms)
  Rendered /Users/ariel/.rvm/gems/ruby-2.3.5/gems/actionpack-4.2.3/lib/action_dispatch/middleware/templates/rescues/_request_and_response.html.erb (0.9ms)
  Rendered /Users/ariel/.rvm/gems/ruby-2.3.5/gems/actionpack-4.2.3/lib/action_dispatch/middleware/templates/rescues/template_error.html.erb within rescues/layout (89.1ms)
  Rendered /Users/ariel/.rvm/gems/ruby-2.3.5/gems/web-console-2.2.1/lib/web_console/templates/_markup.html.erb (0.8ms)
  Rendered /Users/ariel/.rvm/gems/ruby-2.3.5/gems/web-console-2.2.1/lib/web_console/templates/_inner_console_markup.html.erb within layouts/inlined_string (0.8ms)
  Rendered /Users/ariel/.rvm/gems/ruby-2.3.5/gems/web-console-2.2.1/lib/web_console/templates/_prompt_box_markup.html.erb within layouts/inlined_string (0.8ms)
  Rendered /Users/ariel/.rvm/gems/ruby-2.3.5/gems/web-console-2.2.1/lib/web_console/templates/style.css.erb within layouts/inlined_string (0.8ms)
  Rendered /Users/ariel/.rvm/gems/ruby-2.3.5/gems/web-console-2.2.1/lib/web_console/templates/console.js.erb within layouts/javascript (91.2ms)
  Rendered /Users/ariel/.rvm/gems/ruby-2.3.5/gems/web-console-2.2.1/lib/web_console/templates/main.js.erb within layouts/javascript (0.8ms)
  Rendered /Users/ariel/.rvm/gems/ruby-2.3.5/gems/web-console-2.2.1/lib/web_console/templates/error_page.js.erb within layouts/javascript (0.4ms)
  Rendered /Users/ariel/.rvm/gems/ruby-2.3.5/gems/web-console-2.2.1/lib/web_console/templates/index.html.erb (199.4ms)


Started GET "/students/new" for ::1 at 2017-10-16 15:41:47 -0400
Processing by StudentsController#new as HTML
  Rendered students/new.html.erb within layouts/application (4.9ms)
Completed 200 OK in 55ms (Views: 43.0ms | ActiveRecord: 0.5ms)


Started POST "/school_classes" for ::1 at 2017-10-16 16:44:03 -0400
Processing by SchoolClassesController#create as HTML
  Parameters: {"utf8"=>"✓", "authenticity_token"=>"y6+SlBpBaVqnTGF09ic2DgRijk53CtWUxMdWRwE88QcOl6QyZPmywaygDQ9ySKObp+ufgDE4Jlp+fnDeLp/DNA==", "school_class"=>{"title"=>"bing", "room_number"=>"2"}, "commit"=>"Create School class"}
  [1m[35m (0.2ms)[0m  begin transaction
  [1m[36mSQL (0.8ms)[0m  [1mINSERT INTO "school_classes" ("title", "room_number") VALUES (?, ?)[0m  [["title", "bing"], ["room_number", 2]]
  [1m[35m (2.6ms)[0m  commit transaction
Redirected to http://localhost:3000/school_classes/1
Completed 302 Found in 32ms (ActiveRecord: 4.5ms)


Started GET "/school_classes/1" for ::1 at 2017-10-16 16:44:03 -0400
Processing by SchoolClassesController#show as HTML
  Parameters: {"id"=>"1"}
  [1m[36mSchoolClass Load (0.3ms)[0m  [1mSELECT  "school_classes".* FROM "school_classes" WHERE "school_classes"."id" = ? LIMIT 1[0m  [["id", 1]]
Completed 500 Internal Server Error in 13ms (ActiveRecord: 0.3ms)

ActionView::MissingTemplate (Missing template school_classes/show, application/show with {:locale=>[:en], :formats=>[:html], :variants=>[], :handlers=>[:erb, :builder, :raw, :ruby, :coffee, :jbuilder]}. Searched in:
  * "/Users/ariel/dev/labs/rails-form_for-lab-web-091817/app/views"
):
  actionview (4.2.3) lib/action_view/path_set.rb:46:in `find'
  actionview (4.2.3) lib/action_view/lookup_context.rb:121:in `find'
  actionview (4.2.3) lib/action_view/renderer/abstract_renderer.rb:18:in `find_template'
  actionview (4.2.3) lib/action_view/renderer/template_renderer.rb:40:in `determine_template'
  actionview (4.2.3) lib/action_view/renderer/template_renderer.rb:8:in `render'
  actionview (4.2.3) lib/action_view/renderer/renderer.rb:42:in `render_template'
  actionview (4.2.3) lib/action_view/renderer/renderer.rb:23:in `render'
  actionview (4.2.3) lib/action_view/rendering.rb:100:in `_render_template'
  actionpack (4.2.3) lib/action_controller/metal/streaming.rb:217:in `_render_template'
  actionview (4.2.3) lib/action_view/rendering.rb:83:in `render_to_body'
  actionpack (4.2.3) lib/action_controller/metal/rendering.rb:32:in `render_to_body'
  actionpack (4.2.3) lib/action_controller/metal/renderers.rb:37:in `render_to_body'
  actionpack (4.2.3) lib/abstract_controller/rendering.rb:25:in `render'
  actionpack (4.2.3) lib/action_controller/metal/rendering.rb:16:in `render'
  actionpack (4.2.3) lib/action_controller/metal/instrumentation.rb:44:in `block (2 levels) in render'
  activesupport (4.2.3) lib/active_support/core_ext/benchmark.rb:12:in `block in ms'
  /Users/ariel/.rvm/rubies/ruby-2.3.5/lib/ruby/2.3.0/benchmark.rb:308:in `realtime'
  activesupport (4.2.3) lib/active_support/core_ext/benchmark.rb:12:in `ms'
  actionpack (4.2.3) lib/action_controller/metal/instrumentation.rb:44:in `block in render'
  actionpack (4.2.3) lib/action_controller/metal/instrumentation.rb:87:in `cleanup_view_runtime'
  activerecord (4.2.3) lib/active_record/railties/controller_runtime.rb:25:in `cleanup_view_runtime'
  actionpack (4.2.3) lib/action_controller/metal/instrumentation.rb:43:in `render'
  actionpack (4.2.3) lib/action_controller/metal/implicit_render.rb:10:in `default_render'
  actionpack (4.2.3) lib/action_controller/metal/implicit_render.rb:5:in `send_action'
  actionpack (4.2.3) lib/abstract_controller/base.rb:198:in `process_action'
  actionpack (4.2.3) lib/action_controller/metal/rendering.rb:10:in `process_action'
  actionpack (4.2.3) lib/abstract_controller/callbacks.rb:20:in `block in process_action'
  activesupport (4.2.3) lib/active_support/callbacks.rb:115:in `call'
  activesupport (4.2.3) lib/active_support/callbacks.rb:553:in `block (2 levels) in compile'
  activesupport (4.2.3) lib/active_support/callbacks.rb:503:in `call'
  activesupport (4.2.3) lib/active_support/callbacks.rb:88:in `run_callbacks'
  actionpack (4.2.3) lib/abstract_controller/callbacks.rb:19:in `process_action'
  actionpack (4.2.3) lib/action_controller/metal/rescue.rb:29:in `process_action'
  actionpack (4.2.3) lib/action_controller/metal/instrumentation.rb:32:in `block in process_action'
  activesupport (4.2.3) lib/active_support/notifications.rb:164:in `block in instrument'
  activesupport (4.2.3) lib/active_support/notifications/instrumenter.rb:20:in `instrument'
  activesupport (4.2.3) lib/active_support/notifications.rb:164:in `instrument'
  actionpack (4.2.3) lib/action_controller/metal/instrumentation.rb:30:in `process_action'
  actionpack (4.2.3) lib/action_controller/metal/params_wrapper.rb:250:in `process_action'
  activerecord (4.2.3) lib/active_record/railties/controller_runtime.rb:18:in `process_action'
  actionpack (4.2.3) lib/abstract_controller/base.rb:137:in `process'
  actionview (4.2.3) lib/action_view/rendering.rb:30:in `process'
  actionpack (4.2.3) lib/action_controller/metal.rb:196:in `dispatch'
  actionpack (4.2.3) lib/action_controller/metal/rack_delegation.rb:13:in `dispatch'
  actionpack (4.2.3) lib/action_controller/metal.rb:237:in `block in action'
  actionpack (4.2.3) lib/action_dispatch/routing/route_set.rb:76:in `dispatch'
  actionpack (4.2.3) lib/action_dispatch/routing/route_set.rb:45:in `serve'
  actionpack (4.2.3) lib/action_dispatch/journey/router.rb:43:in `block in serve'
  actionpack (4.2.3) lib/action_dispatch/journey/router.rb:30:in `each'
  actionpack (4.2.3) lib/action_dispatch/journey/router.rb:30:in `serve'
  actionpack (4.2.3) lib/action_dispatch/routing/route_set.rb:821:in `call'
  rack (1.6.4) lib/rack/etag.rb:24:in `call'
  rack (1.6.4) lib/rack/conditionalget.rb:25:in `call'
  rack (1.6.4) lib/rack/head.rb:13:in `call'
  actionpack (4.2.3) lib/action_dispatch/middleware/params_parser.rb:27:in `call'
  actionpack (4.2.3) lib/action_dispatch/middleware/flash.rb:260:in `call'
  rack (1.6.4) lib/rack/session/abstract/id.rb:225:in `context'
  rack (1.6.4) lib/rack/session/abstract/id.rb:220:in `call'
  actionpack (4.2.3) lib/action_dispatch/middleware/cookies.rb:560:in `call'
  activerecord (4.2.3) lib/active_record/query_cache.rb:36:in `call'
  activerecord (4.2.3) lib/active_record/connection_adapters/abstract/connection_pool.rb:653:in `call'
  activerecord (4.2.3) lib/active_record/migration.rb:377:in `call'
  actionpack (4.2.3) lib/action_dispatch/middleware/callbacks.rb:29:in `block in call'
  activesupport (4.2.3) lib/active_support/callbacks.rb:84:in `run_callbacks'
  actionpack (4.2.3) lib/action_dispatch/middleware/callbacks.rb:27:in `call'
  actionpack (4.2.3) lib/action_dispatch/middleware/reloader.rb:73:in `call'
  actionpack (4.2.3) lib/action_dispatch/middleware/remote_ip.rb:78:in `call'
  actionpack (4.2.3) lib/action_dispatch/middleware/debug_exceptions.rb:17:in `call'
  web-console (2.2.1) lib/web_console/middleware.rb:39:in `call'
  actionpack (4.2.3) lib/action_dispatch/middleware/show_exceptions.rb:30:in `call'
  railties (4.2.3) lib/rails/rack/logger.rb:38:in `call_app'
  railties (4.2.3) lib/rails/rack/logger.rb:20:in `block in call'
  activesupport (4.2.3) lib/active_support/tagged_logging.rb:68:in `block in tagged'
  activesupport (4.2.3) lib/active_support/tagged_logging.rb:26:in `tagged'
  activesupport (4.2.3) lib/active_support/tagged_logging.rb:68:in `tagged'
  railties (4.2.3) lib/rails/rack/logger.rb:20:in `call'
  actionpack (4.2.3) lib/action_dispatch/middleware/request_id.rb:21:in `call'
  rack (1.6.4) lib/rack/methodoverride.rb:22:in `call'
  rack (1.6.4) lib/rack/runtime.rb:18:in `call'
  activesupport (4.2.3) lib/active_support/cache/strategy/local_cache_middleware.rb:28:in `call'
  rack (1.6.4) lib/rack/lock.rb:17:in `call'
  actionpack (4.2.3) lib/action_dispatch/middleware/static.rb:116:in `call'
  rack (1.6.4) lib/rack/sendfile.rb:113:in `call'
  railties (4.2.3) lib/rails/engine.rb:518:in `call'
  railties (4.2.3) lib/rails/application.rb:165:in `call'
  rack (1.6.4) lib/rack/lock.rb:17:in `call'
  rack (1.6.4) lib/rack/content_length.rb:15:in `call'
  rack (1.6.4) lib/rack/handler/webrick.rb:88:in `service'
  /Users/ariel/.rvm/rubies/ruby-2.3.5/lib/ruby/2.3.0/webrick/httpserver.rb:140:in `service'
  /Users/ariel/.rvm/rubies/ruby-2.3.5/lib/ruby/2.3.0/webrick/httpserver.rb:96:in `run'
  /Users/ariel/.rvm/rubies/ruby-2.3.5/lib/ruby/2.3.0/webrick/server.rb:296:in `block in start_thread'


  Rendered /Users/ariel/.rvm/gems/ruby-2.3.5/gems/actionpack-4.2.3/lib/action_dispatch/middleware/templates/rescues/_source.erb (5.3ms)
  Rendered /Users/ariel/.rvm/gems/ruby-2.3.5/gems/actionpack-4.2.3/lib/action_dispatch/middleware/templates/rescues/_trace.html.erb (3.6ms)
  Rendered /Users/ariel/.rvm/gems/ruby-2.3.5/gems/actionpack-4.2.3/lib/action_dispatch/middleware/templates/rescues/_request_and_response.html.erb (2.1ms)
  Rendered /Users/ariel/.rvm/gems/ruby-2.3.5/gems/actionpack-4.2.3/lib/action_dispatch/middleware/templates/rescues/missing_template.html.erb within rescues/layout (82.6ms)
  Rendered /Users/ariel/.rvm/gems/ruby-2.3.5/gems/web-console-2.2.1/lib/web_console/templates/_markup.html.erb (0.6ms)
  Rendered /Users/ariel/.rvm/gems/ruby-2.3.5/gems/web-console-2.2.1/lib/web_console/templates/_inner_console_markup.html.erb within layouts/inlined_string (0.7ms)
  Rendered /Users/ariel/.rvm/gems/ruby-2.3.5/gems/web-console-2.2.1/lib/web_console/templates/_prompt_box_markup.html.erb within layouts/inlined_string (0.8ms)
  Rendered /Users/ariel/.rvm/gems/ruby-2.3.5/gems/web-console-2.2.1/lib/web_console/templates/style.css.erb within layouts/inlined_string (0.4ms)
  Rendered /Users/ariel/.rvm/gems/ruby-2.3.5/gems/web-console-2.2.1/lib/web_console/templates/console.js.erb within layouts/javascript (95.3ms)
  Rendered /Users/ariel/.rvm/gems/ruby-2.3.5/gems/web-console-2.2.1/lib/web_console/templates/main.js.erb within layouts/javascript (0.5ms)
  Rendered /Users/ariel/.rvm/gems/ruby-2.3.5/gems/web-console-2.2.1/lib/web_console/templates/error_page.js.erb within layouts/javascript (0.9ms)
  Rendered /Users/ariel/.rvm/gems/ruby-2.3.5/gems/web-console-2.2.1/lib/web_console/templates/index.html.erb (219.2ms)


Started GET "/school_classes/1/show" for ::1 at 2017-10-16 16:46:55 -0400

ActionController::RoutingError (No route matches [GET] "/school_classes/1/show"):
  actionpack (4.2.3) lib/action_dispatch/middleware/debug_exceptions.rb:21:in `call'
  web-console (2.2.1) lib/web_console/middleware.rb:39:in `call'
  actionpack (4.2.3) lib/action_dispatch/middleware/show_exceptions.rb:30:in `call'
  railties (4.2.3) lib/rails/rack/logger.rb:38:in `call_app'
  railties (4.2.3) lib/rails/rack/logger.rb:20:in `block in call'
  activesupport (4.2.3) lib/active_support/tagged_logging.rb:68:in `block in tagged'
  activesupport (4.2.3) lib/active_support/tagged_logging.rb:26:in `tagged'
  activesupport (4.2.3) lib/active_support/tagged_logging.rb:68:in `tagged'
  railties (4.2.3) lib/rails/rack/logger.rb:20:in `call'
  actionpack (4.2.3) lib/action_dispatch/middleware/request_id.rb:21:in `call'
  rack (1.6.4) lib/rack/methodoverride.rb:22:in `call'
  rack (1.6.4) lib/rack/runtime.rb:18:in `call'
  activesupport (4.2.3) lib/active_support/cache/strategy/local_cache_middleware.rb:28:in `call'
  rack (1.6.4) lib/rack/lock.rb:17:in `call'
  actionpack (4.2.3) lib/action_dispatch/middleware/static.rb:116:in `call'
  rack (1.6.4) lib/rack/sendfile.rb:113:in `call'
  railties (4.2.3) lib/rails/engine.rb:518:in `call'
  railties (4.2.3) lib/rails/application.rb:165:in `call'
  rack (1.6.4) lib/rack/lock.rb:17:in `call'
  rack (1.6.4) lib/rack/content_length.rb:15:in `call'
  rack (1.6.4) lib/rack/handler/webrick.rb:88:in `service'
  /Users/ariel/.rvm/rubies/ruby-2.3.5/lib/ruby/2.3.0/webrick/httpserver.rb:140:in `service'
  /Users/ariel/.rvm/rubies/ruby-2.3.5/lib/ruby/2.3.0/webrick/httpserver.rb:96:in `run'
  /Users/ariel/.rvm/rubies/ruby-2.3.5/lib/ruby/2.3.0/webrick/server.rb:296:in `block in start_thread'


  Rendered /Users/ariel/.rvm/gems/ruby-2.3.5/gems/actionpack-4.2.3/lib/action_dispatch/middleware/templates/rescues/_trace.html.erb (3.3ms)
  Rendered /Users/ariel/.rvm/gems/ruby-2.3.5/gems/actionpack-4.2.3/lib/action_dispatch/middleware/templates/routes/_route.html.erb (3.0ms)
  Rendered /Users/ariel/.rvm/gems/ruby-2.3.5/gems/actionpack-4.2.3/lib/action_dispatch/middleware/templates/routes/_table.html.erb (2.3ms)
  Rendered /Users/ariel/.rvm/gems/ruby-2.3.5/gems/actionpack-4.2.3/lib/action_dispatch/middleware/templates/rescues/_request_and_response.html.erb (2.9ms)
  Rendered /Users/ariel/.rvm/gems/ruby-2.3.5/gems/actionpack-4.2.3/lib/action_dispatch/middleware/templates/rescues/routing_error.html.erb within rescues/layout (156.5ms)
  Rendered /Users/ariel/.rvm/gems/ruby-2.3.5/gems/web-console-2.2.1/lib/web_console/templates/_markup.html.erb (0.2ms)
  Rendered /Users/ariel/.rvm/gems/ruby-2.3.5/gems/web-console-2.2.1/lib/web_console/templates/_inner_console_markup.html.erb within layouts/inlined_string (0.2ms)
  Rendered /Users/ariel/.rvm/gems/ruby-2.3.5/gems/web-console-2.2.1/lib/web_console/templates/_prompt_box_markup.html.erb within layouts/inlined_string (0.2ms)
  Rendered /Users/ariel/.rvm/gems/ruby-2.3.5/gems/web-console-2.2.1/lib/web_console/templates/style.css.erb within layouts/inlined_string (0.2ms)
  Rendered /Users/ariel/.rvm/gems/ruby-2.3.5/gems/web-console-2.2.1/lib/web_console/templates/console.js.erb within layouts/javascript (39.0ms)
  Rendered /Users/ariel/.rvm/gems/ruby-2.3.5/gems/web-console-2.2.1/lib/web_console/templates/main.js.erb within layouts/javascript (0.2ms)
  Rendered /Users/ariel/.rvm/gems/ruby-2.3.5/gems/web-console-2.2.1/lib/web_console/templates/error_page.js.erb within layouts/javascript (0.3ms)
  Rendered /Users/ariel/.rvm/gems/ruby-2.3.5/gems/web-console-2.2.1/lib/web_console/templates/index.html.erb (86.3ms)


Started GET "/school_classes/1/" for ::1 at 2017-10-16 16:47:00 -0400
Processing by SchoolClassesController#show as HTML
  Parameters: {"id"=>"1"}
  [1m[35mSchoolClass Load (0.2ms)[0m  SELECT  "school_classes".* FROM "school_classes" WHERE "school_classes"."id" = ? LIMIT 1  [["id", 1]]
  Rendered school_classes/show.html.erb within layouts/application (0.4ms)
Completed 200 OK in 35ms (Views: 33.0ms | ActiveRecord: 0.2ms)


Started GET "/school_classes/1/edit" for ::1 at 2017-10-16 16:52:36 -0400
Processing by SchoolClassesController#edit as HTML
  Parameters: {"id"=>"1"}
  Rendered school_classes/edit.html.erb within layouts/application (5.7ms)
Completed 500 Internal Server Error in 13ms (ActiveRecord: 0.0ms)

ActionView::Template::Error (First argument in form cannot contain nil or be empty):
    1: <h1>School Class Form</h1>
    2: <%= form_for(@school_class) do |f| %>
    3:  <%= f.label :title %>
    4:  <%= f.text_field :title, @school_class.title %>
    5:  <%= f.label :room_number %>
  app/views/school_classes/edit.html.erb:2:in `_app_views_school_classes_edit_html_erb___287022606400860230_70223802847340'


  Rendered /Users/ariel/.rvm/gems/ruby-2.3.5/gems/actionpack-4.2.3/lib/action_dispatch/middleware/templates/rescues/_source.erb (5.6ms)
  Rendered /Users/ariel/.rvm/gems/ruby-2.3.5/gems/actionpack-4.2.3/lib/action_dispatch/middleware/templates/rescues/_trace.html.erb (2.5ms)
  Rendered /Users/ariel/.rvm/gems/ruby-2.3.5/gems/actionpack-4.2.3/lib/action_dispatch/middleware/templates/rescues/_request_and_response.html.erb (0.7ms)
  Rendered /Users/ariel/.rvm/gems/ruby-2.3.5/gems/actionpack-4.2.3/lib/action_dispatch/middleware/templates/rescues/template_error.html.erb within rescues/layout (52.6ms)
  Rendered /Users/ariel/.rvm/gems/ruby-2.3.5/gems/web-console-2.2.1/lib/web_console/templates/_markup.html.erb (0.3ms)
  Rendered /Users/ariel/.rvm/gems/ruby-2.3.5/gems/web-console-2.2.1/lib/web_console/templates/_inner_console_markup.html.erb within layouts/inlined_string (0.6ms)
  Rendered /Users/ariel/.rvm/gems/ruby-2.3.5/gems/web-console-2.2.1/lib/web_console/templates/_prompt_box_markup.html.erb within layouts/inlined_string (0.6ms)
  Rendered /Users/ariel/.rvm/gems/ruby-2.3.5/gems/web-console-2.2.1/lib/web_console/templates/style.css.erb within layouts/inlined_string (0.8ms)
  Rendered /Users/ariel/.rvm/gems/ruby-2.3.5/gems/web-console-2.2.1/lib/web_console/templates/console.js.erb within layouts/javascript (96.5ms)
  Rendered /Users/ariel/.rvm/gems/ruby-2.3.5/gems/web-console-2.2.1/lib/web_console/templates/main.js.erb within layouts/javascript (0.5ms)
  Rendered /Users/ariel/.rvm/gems/ruby-2.3.5/gems/web-console-2.2.1/lib/web_console/templates/error_page.js.erb within layouts/javascript (0.5ms)
  Rendered /Users/ariel/.rvm/gems/ruby-2.3.5/gems/web-console-2.2.1/lib/web_console/templates/index.html.erb (194.9ms)


Started GET "/school_classes/1/edit" for ::1 at 2017-10-16 16:57:01 -0400
Processing by SchoolClassesController#edit as HTML
  Parameters: {"id"=>"1"}
  [1m[36mSchoolClass Load (0.3ms)[0m  [1mSELECT  "school_classes".* FROM "school_classes" WHERE "school_classes"."id" = ? LIMIT 1[0m  [["id", 1]]
  Rendered school_classes/edit.html.erb within layouts/application (13.4ms)
Completed 500 Internal Server Error in 32ms (ActiveRecord: 1.3ms)

ActionView::Template::Error (undefined method `merge' for "bing":String):
    1: <h1>School Class Form</h1>
    2: <%= form_for(@school_class) do |f| %>
    3:  <%= f.label :title %>
    4:  <%= f.text_field :title, @school_class.title %>
    5:  <%= f.label :room_number %>
    6:  <%= f.text_field :room_number, @school_class.room_number %>
    7:  <%= f.submit "Create School class" %>
  app/views/school_classes/edit.html.erb:4:in `block in _app_views_school_classes_edit_html_erb___287022606400860230_70223802847340'
  app/views/school_classes/edit.html.erb:2:in `_app_views_school_classes_edit_html_erb___287022606400860230_70223802847340'


  Rendered /Users/ariel/.rvm/gems/ruby-2.3.5/gems/actionpack-4.2.3/lib/action_dispatch/middleware/templates/rescues/_source.erb (15.9ms)
  Rendered /Users/ariel/.rvm/gems/ruby-2.3.5/gems/actionpack-4.2.3/lib/action_dispatch/middleware/templates/rescues/_trace.html.erb (2.7ms)
  Rendered /Users/ariel/.rvm/gems/ruby-2.3.5/gems/actionpack-4.2.3/lib/action_dispatch/middleware/templates/rescues/_request_and_response.html.erb (1.9ms)
  Rendered /Users/ariel/.rvm/gems/ruby-2.3.5/gems/actionpack-4.2.3/lib/action_dispatch/middleware/templates/rescues/template_error.html.erb within rescues/layout (94.7ms)
  Rendered /Users/ariel/.rvm/gems/ruby-2.3.5/gems/web-console-2.2.1/lib/web_console/templates/_markup.html.erb (0.3ms)
  Rendered /Users/ariel/.rvm/gems/ruby-2.3.5/gems/web-console-2.2.1/lib/web_console/templates/_inner_console_markup.html.erb within layouts/inlined_string (0.6ms)
  Rendered /Users/ariel/.rvm/gems/ruby-2.3.5/gems/web-console-2.2.1/lib/web_console/templates/_prompt_box_markup.html.erb within layouts/inlined_string (0.5ms)
  Rendered /Users/ariel/.rvm/gems/ruby-2.3.5/gems/web-console-2.2.1/lib/web_console/templates/style.css.erb within layouts/inlined_string (0.9ms)
  Rendered /Users/ariel/.rvm/gems/ruby-2.3.5/gems/web-console-2.2.1/lib/web_console/templates/console.js.erb within layouts/javascript (99.6ms)
  Rendered /Users/ariel/.rvm/gems/ruby-2.3.5/gems/web-console-2.2.1/lib/web_console/templates/main.js.erb within layouts/javascript (0.3ms)
  Rendered /Users/ariel/.rvm/gems/ruby-2.3.5/gems/web-console-2.2.1/lib/web_console/templates/error_page.js.erb within layouts/javascript (0.3ms)
  Rendered /Users/ariel/.rvm/gems/ruby-2.3.5/gems/web-console-2.2.1/lib/web_console/templates/index.html.erb (159.7ms)


Started GET "/school_classes/1/edit" for ::1 at 2017-10-16 16:57:14 -0400
Processing by SchoolClassesController#edit as HTML
  Parameters: {"id"=>"1"}
  [1m[35mSchoolClass Load (0.1ms)[0m  SELECT  "school_classes".* FROM "school_classes" WHERE "school_classes"."id" = ? LIMIT 1  [["id", 1]]
  Rendered school_classes/edit.html.erb within layouts/application (4.9ms)
Completed 500 Internal Server Error in 9ms (ActiveRecord: 0.1ms)

ActionView::Template::Error (undefined method `merge' for "bing":String):
    1: <h1>School Class Form</h1>
    2: <%= form_for(@school_class) do |f| %>
    3:  <%= f.label :title %>
    4:  <%= f.text_field :title, @school_class.title %>
    5:  <%= f.label :room_number %>
    6:  <%= f.text_field :room_number, @school_class.room_number %>
    7:  <%= f.submit "Create School class" %>
  app/views/school_classes/edit.html.erb:4:in `block in _app_views_school_classes_edit_html_erb___287022606400860230_70223802847340'
  app/views/school_classes/edit.html.erb:2:in `_app_views_school_classes_edit_html_erb___287022606400860230_70223802847340'


  Rendered /Users/ariel/.rvm/gems/ruby-2.3.5/gems/actionpack-4.2.3/lib/action_dispatch/middleware/templates/rescues/_source.erb (15.2ms)
  Rendered /Users/ariel/.rvm/gems/ruby-2.3.5/gems/actionpack-4.2.3/lib/action_dispatch/middleware/templates/rescues/_trace.html.erb (6.5ms)
  Rendered /Users/ariel/.rvm/gems/ruby-2.3.5/gems/actionpack-4.2.3/lib/action_dispatch/middleware/templates/rescues/_request_and_response.html.erb (0.9ms)
  Rendered /Users/ariel/.rvm/gems/ruby-2.3.5/gems/actionpack-4.2.3/lib/action_dispatch/middleware/templates/rescues/template_error.html.erb within rescues/layout (119.2ms)
  Rendered /Users/ariel/.rvm/gems/ruby-2.3.5/gems/web-console-2.2.1/lib/web_console/templates/_markup.html.erb (0.3ms)
  Rendered /Users/ariel/.rvm/gems/ruby-2.3.5/gems/web-console-2.2.1/lib/web_console/templates/_inner_console_markup.html.erb within layouts/inlined_string (0.2ms)
  Rendered /Users/ariel/.rvm/gems/ruby-2.3.5/gems/web-console-2.2.1/lib/web_console/templates/_prompt_box_markup.html.erb within layouts/inlined_string (0.2ms)
  Rendered /Users/ariel/.rvm/gems/ruby-2.3.5/gems/web-console-2.2.1/lib/web_console/templates/style.css.erb within layouts/inlined_string (0.3ms)
  Rendered /Users/ariel/.rvm/gems/ruby-2.3.5/gems/web-console-2.2.1/lib/web_console/templates/console.js.erb within layouts/javascript (39.3ms)
  Rendered /Users/ariel/.rvm/gems/ruby-2.3.5/gems/web-console-2.2.1/lib/web_console/templates/main.js.erb within layouts/javascript (0.2ms)
  Rendered /Users/ariel/.rvm/gems/ruby-2.3.5/gems/web-console-2.2.1/lib/web_console/templates/error_page.js.erb within layouts/javascript (0.9ms)
  Rendered /Users/ariel/.rvm/gems/ruby-2.3.5/gems/web-console-2.2.1/lib/web_console/templates/index.html.erb (89.4ms)


Started GET "/school_classes/1/edit" for ::1 at 2017-10-16 16:57:34 -0400
Processing by SchoolClassesController#edit as HTML
  Parameters: {"id"=>"1"}
  [1m[36mSchoolClass Load (0.1ms)[0m  [1mSELECT  "school_classes".* FROM "school_classes" WHERE "school_classes"."id" = ? LIMIT 1[0m  [["id", 1]]
  Rendered school_classes/edit.html.erb within layouts/application (4.4ms)
Completed 200 OK in 45ms (Views: 44.3ms | ActiveRecord: 0.1ms)


Started GET "/school_classes/1/edit" for ::1 at 2017-10-16 16:58:14 -0400
Processing by SchoolClassesController#edit as HTML
  Parameters: {"id"=>"1"}
  [1m[35mSchoolClass Load (0.2ms)[0m  SELECT  "school_classes".* FROM "school_classes" WHERE "school_classes"."id" = ? LIMIT 1  [["id", 1]]
  Rendered school_classes/edit.html.erb within layouts/application (3.8ms)
Completed 200 OK in 60ms (Views: 58.4ms | ActiveRecord: 0.2ms)


Started PATCH "/school_classes/1" for ::1 at 2017-10-16 16:58:21 -0400

AbstractController::ActionNotFound (The action 'update' could not be found for SchoolClassesController):
  actionpack (4.2.3) lib/abstract_controller/base.rb:132:in `process'
  actionview (4.2.3) lib/action_view/rendering.rb:30:in `process'
  actionpack (4.2.3) lib/action_controller/metal.rb:196:in `dispatch'
  actionpack (4.2.3) lib/action_controller/metal/rack_delegation.rb:13:in `dispatch'
  actionpack (4.2.3) lib/action_controller/metal.rb:237:in `block in action'
  actionpack (4.2.3) lib/action_dispatch/routing/route_set.rb:76:in `dispatch'
  actionpack (4.2.3) lib/action_dispatch/routing/route_set.rb:45:in `serve'
  actionpack (4.2.3) lib/action_dispatch/journey/router.rb:43:in `block in serve'
  actionpack (4.2.3) lib/action_dispatch/journey/router.rb:30:in `each'
  actionpack (4.2.3) lib/action_dispatch/journey/router.rb:30:in `serve'
  actionpack (4.2.3) lib/action_dispatch/routing/route_set.rb:821:in `call'
  rack (1.6.4) lib/rack/etag.rb:24:in `call'
  rack (1.6.4) lib/rack/conditionalget.rb:38:in `call'
  rack (1.6.4) lib/rack/head.rb:13:in `call'
  actionpack (4.2.3) lib/action_dispatch/middleware/params_parser.rb:27:in `call'
  actionpack (4.2.3) lib/action_dispatch/middleware/flash.rb:260:in `call'
  rack (1.6.4) lib/rack/session/abstract/id.rb:225:in `context'
  rack (1.6.4) lib/rack/session/abstract/id.rb:220:in `call'
  actionpack (4.2.3) lib/action_dispatch/middleware/cookies.rb:560:in `call'
  activerecord (4.2.3) lib/active_record/query_cache.rb:36:in `call'
  activerecord (4.2.3) lib/active_record/connection_adapters/abstract/connection_pool.rb:653:in `call'
  activerecord (4.2.3) lib/active_record/migration.rb:377:in `call'
  actionpack (4.2.3) lib/action_dispatch/middleware/callbacks.rb:29:in `block in call'
  activesupport (4.2.3) lib/active_support/callbacks.rb:84:in `run_callbacks'
  actionpack (4.2.3) lib/action_dispatch/middleware/callbacks.rb:27:in `call'
  actionpack (4.2.3) lib/action_dispatch/middleware/reloader.rb:73:in `call'
  actionpack (4.2.3) lib/action_dispatch/middleware/remote_ip.rb:78:in `call'
  actionpack (4.2.3) lib/action_dispatch/middleware/debug_exceptions.rb:17:in `call'
  web-console (2.2.1) lib/web_console/middleware.rb:39:in `call'
  actionpack (4.2.3) lib/action_dispatch/middleware/show_exceptions.rb:30:in `call'
  railties (4.2.3) lib/rails/rack/logger.rb:38:in `call_app'
  railties (4.2.3) lib/rails/rack/logger.rb:20:in `block in call'
  activesupport (4.2.3) lib/active_support/tagged_logging.rb:68:in `block in tagged'
  activesupport (4.2.3) lib/active_support/tagged_logging.rb:26:in `tagged'
  activesupport (4.2.3) lib/active_support/tagged_logging.rb:68:in `tagged'
  railties (4.2.3) lib/rails/rack/logger.rb:20:in `call'
  actionpack (4.2.3) lib/action_dispatch/middleware/request_id.rb:21:in `call'
  rack (1.6.4) lib/rack/methodoverride.rb:22:in `call'
  rack (1.6.4) lib/rack/runtime.rb:18:in `call'
  activesupport (4.2.3) lib/active_support/cache/strategy/local_cache_middleware.rb:28:in `call'
  rack (1.6.4) lib/rack/lock.rb:17:in `call'
  actionpack (4.2.3) lib/action_dispatch/middleware/static.rb:116:in `call'
  rack (1.6.4) lib/rack/sendfile.rb:113:in `call'
  railties (4.2.3) lib/rails/engine.rb:518:in `call'
  railties (4.2.3) lib/rails/application.rb:165:in `call'
  rack (1.6.4) lib/rack/lock.rb:17:in `call'
  rack (1.6.4) lib/rack/content_length.rb:15:in `call'
  rack (1.6.4) lib/rack/handler/webrick.rb:88:in `service'
  /Users/ariel/.rvm/rubies/ruby-2.3.5/lib/ruby/2.3.0/webrick/httpserver.rb:140:in `service'
  /Users/ariel/.rvm/rubies/ruby-2.3.5/lib/ruby/2.3.0/webrick/httpserver.rb:96:in `run'
  /Users/ariel/.rvm/rubies/ruby-2.3.5/lib/ruby/2.3.0/webrick/server.rb:296:in `block in start_thread'


  Rendered /Users/ariel/.rvm/gems/ruby-2.3.5/gems/actionpack-4.2.3/lib/action_dispatch/middleware/templates/rescues/unknown_action.html.erb within rescues/layout (0.5ms)
  Rendered /Users/ariel/.rvm/gems/ruby-2.3.5/gems/web-console-2.2.1/lib/web_console/templates/_markup.html.erb (0.4ms)
  Rendered /Users/ariel/.rvm/gems/ruby-2.3.5/gems/web-console-2.2.1/lib/web_console/templates/_inner_console_markup.html.erb within layouts/inlined_string (0.7ms)
  Rendered /Users/ariel/.rvm/gems/ruby-2.3.5/gems/web-console-2.2.1/lib/web_console/templates/_prompt_box_markup.html.erb within layouts/inlined_string (0.8ms)
  Rendered /Users/ariel/.rvm/gems/ruby-2.3.5/gems/web-console-2.2.1/lib/web_console/templates/style.css.erb within layouts/inlined_string (0.3ms)
  Rendered /Users/ariel/.rvm/gems/ruby-2.3.5/gems/web-console-2.2.1/lib/web_console/templates/console.js.erb within layouts/javascript (73.8ms)
  Rendered /Users/ariel/.rvm/gems/ruby-2.3.5/gems/web-console-2.2.1/lib/web_console/templates/main.js.erb within layouts/javascript (0.3ms)
  Rendered /Users/ariel/.rvm/gems/ruby-2.3.5/gems/web-console-2.2.1/lib/web_console/templates/error_page.js.erb within layouts/javascript (0.9ms)
  Rendered /Users/ariel/.rvm/gems/ruby-2.3.5/gems/web-console-2.2.1/lib/web_console/templates/index.html.erb (151.9ms)


Started GET "/students/new" for ::1 at 2017-10-16 17:02:39 -0400
Processing by StudentsController#new as HTML
  Rendered students/new.html.erb within layouts/application (4.6ms)
Completed 200 OK in 64ms (Views: 54.9ms | ActiveRecord: 0.8ms)


Started GET "/students/1/edit" for ::1 at 2017-10-16 17:02:54 -0400
Processing by StudentsController#edit as HTML
  Parameters: {"id"=>"1"}
  Rendered students/edit.html.erb within layouts/application (3.8ms)
Completed 500 Internal Server Error in 7ms (ActiveRecord: 0.0ms)

ActionView::Template::Error (First argument in form cannot contain nil or be empty):
    1: <h1>Student Form</h1>
    2: <%= form_for(@student) do |f| %>
    3:  <%= f.label :first_name %>
    4:  <%= f.text_field :first_name %>
    5:  <%= f.label :last_name %>
  app/views/students/edit.html.erb:2:in `_app_views_students_edit_html_erb___3381573853313988105_70223820950280'


  Rendered /Users/ariel/.rvm/gems/ruby-2.3.5/gems/actionpack-4.2.3/lib/action_dispatch/middleware/templates/rescues/_source.erb (27.7ms)
  Rendered /Users/ariel/.rvm/gems/ruby-2.3.5/gems/actionpack-4.2.3/lib/action_dispatch/middleware/templates/rescues/_trace.html.erb (2.5ms)
  Rendered /Users/ariel/.rvm/gems/ruby-2.3.5/gems/actionpack-4.2.3/lib/action_dispatch/middleware/templates/rescues/_request_and_response.html.erb (0.8ms)
  Rendered /Users/ariel/.rvm/gems/ruby-2.3.5/gems/actionpack-4.2.3/lib/action_dispatch/middleware/templates/rescues/template_error.html.erb within rescues/layout (107.1ms)
  Rendered /Users/ariel/.rvm/gems/ruby-2.3.5/gems/web-console-2.2.1/lib/web_console/templates/_markup.html.erb (0.8ms)
  Rendered /Users/ariel/.rvm/gems/ruby-2.3.5/gems/web-console-2.2.1/lib/web_console/templates/_inner_console_markup.html.erb within layouts/inlined_string (0.3ms)
  Rendered /Users/ariel/.rvm/gems/ruby-2.3.5/gems/web-console-2.2.1/lib/web_console/templates/_prompt_box_markup.html.erb within layouts/inlined_string (0.3ms)
  Rendered /Users/ariel/.rvm/gems/ruby-2.3.5/gems/web-console-2.2.1/lib/web_console/templates/style.css.erb within layouts/inlined_string (0.2ms)
  Rendered /Users/ariel/.rvm/gems/ruby-2.3.5/gems/web-console-2.2.1/lib/web_console/templates/console.js.erb within layouts/javascript (40.6ms)
  Rendered /Users/ariel/.rvm/gems/ruby-2.3.5/gems/web-console-2.2.1/lib/web_console/templates/main.js.erb within layouts/javascript (0.2ms)
  Rendered /Users/ariel/.rvm/gems/ruby-2.3.5/gems/web-console-2.2.1/lib/web_console/templates/error_page.js.erb within layouts/javascript (0.3ms)
  Rendered /Users/ariel/.rvm/gems/ruby-2.3.5/gems/web-console-2.2.1/lib/web_console/templates/index.html.erb (124.8ms)


Started GET "/students/new" for ::1 at 2017-10-16 17:02:59 -0400
Processing by StudentsController#new as HTML
  Rendered students/new.html.erb within layouts/application (1.2ms)
Completed 200 OK in 38ms (Views: 37.0ms | ActiveRecord: 0.0ms)


Started POST "/students" for ::1 at 2017-10-16 17:03:02 -0400
Processing by StudentsController#create as HTML
  Parameters: {"utf8"=>"✓", "authenticity_token"=>"ozu6cwRMDqWHeSTQMU0jeXgl+U7OZb8MIpVwdcvD0mZmA4zVevTVPoyVSKu1Irbs26zogIhXTMKYLFbs5GDgVQ==", "student"=>{"first_name"=>"John", "last_name"=>"B"}, "commit"=>"Create Student"}
  [1m[36m (0.1ms)[0m  [1mbegin transaction[0m
  [1m[35mSQL (0.4ms)[0m  INSERT INTO "students" ("first_name", "last_name", "created_at", "updated_at") VALUES (?, ?, ?, ?)  [["first_name", "John"], ["last_name", "B"], ["created_at", "2017-10-16 21:03:02.885037"], ["updated_at", "2017-10-16 21:03:02.885037"]]
  [1m[36m (2.1ms)[0m  [1mcommit transaction[0m
Redirected to http://localhost:3000/students/1
Completed 302 Found in 5ms (ActiveRecord: 2.5ms)


Started GET "/students/1" for ::1 at 2017-10-16 17:03:02 -0400
Processing by StudentsController#show as HTML
  Parameters: {"id"=>"1"}
  [1m[35mStudent Load (0.3ms)[0m  SELECT  "students".* FROM "students" WHERE "students"."id" = ? LIMIT 1  [["id", 1]]
  Rendered students/show.html.erb within layouts/application (0.4ms)
Completed 200 OK in 34ms (Views: 32.3ms | ActiveRecord: 0.3ms)


Started GET "/students/1/edit" for ::1 at 2017-10-16 17:03:06 -0400
Processing by StudentsController#edit as HTML
  Parameters: {"id"=>"1"}
  Rendered students/edit.html.erb within layouts/application (4.7ms)
Completed 500 Internal Server Error in 13ms (ActiveRecord: 0.0ms)

ActionView::Template::Error (First argument in form cannot contain nil or be empty):
    1: <h1>Student Form</h1>
    2: <%= form_for(@student) do |f| %>
    3:  <%= f.label :first_name %>
    4:  <%= f.text_field :first_name %>
    5:  <%= f.label :last_name %>
  app/views/students/edit.html.erb:2:in `_app_views_students_edit_html_erb___3381573853313988105_70223820950280'


  Rendered /Users/ariel/.rvm/gems/ruby-2.3.5/gems/actionpack-4.2.3/lib/action_dispatch/middleware/templates/rescues/_source.erb (6.4ms)
  Rendered /Users/ariel/.rvm/gems/ruby-2.3.5/gems/actionpack-4.2.3/lib/action_dispatch/middleware/templates/rescues/_trace.html.erb (6.6ms)
  Rendered /Users/ariel/.rvm/gems/ruby-2.3.5/gems/actionpack-4.2.3/lib/action_dispatch/middleware/templates/rescues/_request_and_response.html.erb (2.2ms)
  Rendered /Users/ariel/.rvm/gems/ruby-2.3.5/gems/actionpack-4.2.3/lib/action_dispatch/middleware/templates/rescues/template_error.html.erb within rescues/layout (100.1ms)
  Rendered /Users/ariel/.rvm/gems/ruby-2.3.5/gems/web-console-2.2.1/lib/web_console/templates/_markup.html.erb (0.3ms)
  Rendered /Users/ariel/.rvm/gems/ruby-2.3.5/gems/web-console-2.2.1/lib/web_console/templates/_inner_console_markup.html.erb within layouts/inlined_string (0.7ms)
  Rendered /Users/ariel/.rvm/gems/ruby-2.3.5/gems/web-console-2.2.1/lib/web_console/templates/_prompt_box_markup.html.erb within layouts/inlined_string (0.3ms)
  Rendered /Users/ariel/.rvm/gems/ruby-2.3.5/gems/web-console-2.2.1/lib/web_console/templates/style.css.erb within layouts/inlined_string (0.9ms)
  Rendered /Users/ariel/.rvm/gems/ruby-2.3.5/gems/web-console-2.2.1/lib/web_console/templates/console.js.erb within layouts/javascript (102.1ms)
  Rendered /Users/ariel/.rvm/gems/ruby-2.3.5/gems/web-console-2.2.1/lib/web_console/templates/main.js.erb within layouts/javascript (0.6ms)
  Rendered /Users/ariel/.rvm/gems/ruby-2.3.5/gems/web-console-2.2.1/lib/web_console/templates/error_page.js.erb within layouts/javascript (0.4ms)
  Rendered /Users/ariel/.rvm/gems/ruby-2.3.5/gems/web-console-2.2.1/lib/web_console/templates/index.html.erb (174.1ms)


Started GET "/students/1/edit" for ::1 at 2017-10-16 17:04:10 -0400
Processing by StudentsController#edit as HTML
  Parameters: {"id"=>"1"}
  [1m[36mStudent Load (0.3ms)[0m  [1mSELECT  "students".* FROM "students" WHERE "students"."id" = ? LIMIT 1[0m  [["id", 1]]
  Rendered students/edit.html.erb within layouts/application (4.9ms)
Completed 200 OK in 52ms (Views: 42.2ms | ActiveRecord: 0.7ms)


Started PATCH "/students/1" for ::1 at 2017-10-16 17:04:14 -0400

AbstractController::ActionNotFound (The action 'update' could not be found for StudentsController):
  actionpack (4.2.3) lib/abstract_controller/base.rb:132:in `process'
  actionview (4.2.3) lib/action_view/rendering.rb:30:in `process'
  actionpack (4.2.3) lib/action_controller/metal.rb:196:in `dispatch'
  actionpack (4.2.3) lib/action_controller/metal/rack_delegation.rb:13:in `dispatch'
  actionpack (4.2.3) lib/action_controller/metal.rb:237:in `block in action'
  actionpack (4.2.3) lib/action_dispatch/routing/route_set.rb:76:in `dispatch'
  actionpack (4.2.3) lib/action_dispatch/routing/route_set.rb:45:in `serve'
  actionpack (4.2.3) lib/action_dispatch/journey/router.rb:43:in `block in serve'
  actionpack (4.2.3) lib/action_dispatch/journey/router.rb:30:in `each'
  actionpack (4.2.3) lib/action_dispatch/journey/router.rb:30:in `serve'
  actionpack (4.2.3) lib/action_dispatch/routing/route_set.rb:821:in `call'
  rack (1.6.4) lib/rack/etag.rb:24:in `call'
  rack (1.6.4) lib/rack/conditionalget.rb:38:in `call'
  rack (1.6.4) lib/rack/head.rb:13:in `call'
  actionpack (4.2.3) lib/action_dispatch/middleware/params_parser.rb:27:in `call'
  actionpack (4.2.3) lib/action_dispatch/middleware/flash.rb:260:in `call'
  rack (1.6.4) lib/rack/session/abstract/id.rb:225:in `context'
  rack (1.6.4) lib/rack/session/abstract/id.rb:220:in `call'
  actionpack (4.2.3) lib/action_dispatch/middleware/cookies.rb:560:in `call'
  activerecord (4.2.3) lib/active_record/query_cache.rb:36:in `call'
  activerecord (4.2.3) lib/active_record/connection_adapters/abstract/connection_pool.rb:653:in `call'
  activerecord (4.2.3) lib/active_record/migration.rb:377:in `call'
  actionpack (4.2.3) lib/action_dispatch/middleware/callbacks.rb:29:in `block in call'
  activesupport (4.2.3) lib/active_support/callbacks.rb:84:in `run_callbacks'
  actionpack (4.2.3) lib/action_dispatch/middleware/callbacks.rb:27:in `call'
  actionpack (4.2.3) lib/action_dispatch/middleware/reloader.rb:73:in `call'
  actionpack (4.2.3) lib/action_dispatch/middleware/remote_ip.rb:78:in `call'
  actionpack (4.2.3) lib/action_dispatch/middleware/debug_exceptions.rb:17:in `call'
  web-console (2.2.1) lib/web_console/middleware.rb:39:in `call'
  actionpack (4.2.3) lib/action_dispatch/middleware/show_exceptions.rb:30:in `call'
  railties (4.2.3) lib/rails/rack/logger.rb:38:in `call_app'
  railties (4.2.3) lib/rails/rack/logger.rb:20:in `block in call'
  activesupport (4.2.3) lib/active_support/tagged_logging.rb:68:in `block in tagged'
  activesupport (4.2.3) lib/active_support/tagged_logging.rb:26:in `tagged'
  activesupport (4.2.3) lib/active_support/tagged_logging.rb:68:in `tagged'
  railties (4.2.3) lib/rails/rack/logger.rb:20:in `call'
  actionpack (4.2.3) lib/action_dispatch/middleware/request_id.rb:21:in `call'
  rack (1.6.4) lib/rack/methodoverride.rb:22:in `call'
  rack (1.6.4) lib/rack/runtime.rb:18:in `call'
  activesupport (4.2.3) lib/active_support/cache/strategy/local_cache_middleware.rb:28:in `call'
  rack (1.6.4) lib/rack/lock.rb:17:in `call'
  actionpack (4.2.3) lib/action_dispatch/middleware/static.rb:116:in `call'
  rack (1.6.4) lib/rack/sendfile.rb:113:in `call'
  railties (4.2.3) lib/rails/engine.rb:518:in `call'
  railties (4.2.3) lib/rails/application.rb:165:in `call'
  rack (1.6.4) lib/rack/lock.rb:17:in `call'
  rack (1.6.4) lib/rack/content_length.rb:15:in `call'
  rack (1.6.4) lib/rack/handler/webrick.rb:88:in `service'
  /Users/ariel/.rvm/rubies/ruby-2.3.5/lib/ruby/2.3.0/webrick/httpserver.rb:140:in `service'
  /Users/ariel/.rvm/rubies/ruby-2.3.5/lib/ruby/2.3.0/webrick/httpserver.rb:96:in `run'
  /Users/ariel/.rvm/rubies/ruby-2.3.5/lib/ruby/2.3.0/webrick/server.rb:296:in `block in start_thread'


  Rendered /Users/ariel/.rvm/gems/ruby-2.3.5/gems/actionpack-4.2.3/lib/action_dispatch/middleware/templates/rescues/unknown_action.html.erb within rescues/layout (1.0ms)
  Rendered /Users/ariel/.rvm/gems/ruby-2.3.5/gems/web-console-2.2.1/lib/web_console/templates/_markup.html.erb (0.3ms)
  Rendered /Users/ariel/.rvm/gems/ruby-2.3.5/gems/web-console-2.2.1/lib/web_console/templates/_inner_console_markup.html.erb within layouts/inlined_string (0.2ms)
  Rendered /Users/ariel/.rvm/gems/ruby-2.3.5/gems/web-console-2.2.1/lib/web_console/templates/_prompt_box_markup.html.erb within layouts/inlined_string (0.4ms)
  Rendered /Users/ariel/.rvm/gems/ruby-2.3.5/gems/web-console-2.2.1/lib/web_console/templates/style.css.erb within layouts/inlined_string (0.3ms)
  Rendered /Users/ariel/.rvm/gems/ruby-2.3.5/gems/web-console-2.2.1/lib/web_console/templates/console.js.erb within layouts/javascript (46.6ms)
  Rendered /Users/ariel/.rvm/gems/ruby-2.3.5/gems/web-console-2.2.1/lib/web_console/templates/main.js.erb within layouts/javascript (0.4ms)
  Rendered /Users/ariel/.rvm/gems/ruby-2.3.5/gems/web-console-2.2.1/lib/web_console/templates/error_page.js.erb within layouts/javascript (0.4ms)
  Rendered /Users/ariel/.rvm/gems/ruby-2.3.5/gems/web-console-2.2.1/lib/web_console/templates/index.html.erb (121.3ms)
